# JRE version: OpenJDK Runtime Environment Temurin-21.0.8+9 (21.0.8+9) (build 21.0.8+9-LTS)
# Java VM: OpenJDK 64-Bit Server VM Temurin-21.0.8+9 (21.0.8+9-LTS, mixed mode, sharing, tiered, compressed oops, compressed class ptrs, parallel gc, windows-amd64)
GC Precious Log:
 CardTable entry size: 512
 CPUs: 8 total, 8 available
 Memory: 8014M
 Large Page Support: Disabled
 NUMA Support: Disabled
 Compressed Oops: Enabled (32-bit)
 Alignments: Space 512K, Generation 512K, Heap 2M
 Heap Min Capacity: 100M
 Heap Initial Capacity: 100M
 Heap Max Capacity: 2G
 Pre-touch: Disabled
 Parallel Workers: 8
Heap:
 PSYoungGen      total 15872K, used 15845K [0x00000000d5580000, 0x00000000d7680000, 0x0000000100000000)
  eden space 11776K, 100% used [0x00000000d5580000,0x00000000d6100000,0x00000000d6100000)
  from space 4096K, 99% used [0x00000000d6980000,0x00000000d6d79718,0x00000000d6d80000)
  to   space 8704K, 29% used [0x00000000d6100000,0x00000000d637af18,0x00000000d6980000)
 ParOldGen       total 74240K, used 74121K [0x0000000080000000, 0x0000000084880000, 0x00000000d5580000)
  object space 74240K, 99% used [0x0000000080000000,0x0000000084862690,0x0000000084880000)
 Metaspace       used 56622K, committed 58112K, reserved 1114112K
  class space    used 6119K, committed 6784K, reserved 1048576K
GC Heap History (20 events):
Event: 23.247 GC heap before
{Heap before GC invocations=33 (full 2):
 PSYoungGen      total 21504K, used 21114K [0x00000000d5580000, 0x00000000d6e00000, 0x0000000100000000)
  eden space 17920K, 100% used [0x00000000d5580000,0x00000000d6700000,0x00000000d6700000)
  from space 3584K, 89% used [0x00000000d6a80000,0x00000000d6d9ea60,0x00000000d6e00000)
  to   space 3584K, 0% used [0x00000000d6700000,0x00000000d6700000,0x00000000d6a80000)
 ParOldGen       total 68608K, used 48020K [0x0000000080000000, 0x0000000084300000, 0x00000000d5580000)
  object space 68608K, 69% used [0x0000000080000000,0x0000000082ee50c0,0x0000000084300000)
 Metaspace       used 52245K, committed 53696K, reserved 1114112K
  class space    used 5708K, committed 6336K, reserved 1048576K
}
Event: 23.251 GC heap after
{Heap after GC invocations=33 (full 2):
 PSYoungGen      total 21504K, used 3250K [0x00000000d5580000, 0x00000000d6e00000, 0x0000000100000000)
  eden space 17920K, 0% used [0x00000000d5580000,0x00000000d5580000,0x00000000d6700000)
  from space 3584K, 90% used [0x00000000d6700000,0x00000000d6a2ca20,0x00000000d6a80000)
  to   space 3584K, 0% used [0x00000000d6a80000,0x00000000d6a80000,0x00000000d6e00000)
 ParOldGen       total 68608K, used 51000K [0x0000000080000000, 0x0000000084300000, 0x00000000d5580000)
  object space 68608K, 74% used [0x0000000080000000,0x00000000831ce0f8,0x0000000084300000)
 Metaspace       used 52245K, committed 53696K, reserved 1114112K
  class space    used 5708K, committed 6336K, reserved 1048576K
}
Event: 23.523 GC heap before
{Heap before GC invocations=34 (full 2):
 PSYoungGen      total 21504K, used 21170K [0x00000000d5580000, 0x00000000d6e00000, 0x0000000100000000)
  eden space 17920K, 100% used [0x00000000d5580000,0x00000000d6700000,0x00000000d6700000)
  from space 3584K, 90% used [0x00000000d6700000,0x00000000d6a2ca20,0x00000000d6a80000)
  to   space 3584K, 0% used [0x00000000d6a80000,0x00000000d6a80000,0x00000000d6e00000)
 ParOldGen       total 68608K, used 51000K [0x0000000080000000, 0x0000000084300000, 0x00000000d5580000)
  object space 68608K, 74% used [0x0000000080000000,0x00000000831ce0f8,0x0000000084300000)
 Metaspace       used 52581K, committed 54016K, reserved 1114112K
  class space    used 5745K, committed 6400K, reserved 1048576K
}
Event: 23.527 GC heap after
{Heap after GC invocations=34 (full 2):
 PSYoungGen      total 20992K, used 2924K [0x00000000d5580000, 0x00000000d6d80000, 0x0000000100000000)
  eden space 17920K, 0% used [0x00000000d5580000,0x00000000d5580000,0x00000000d6700000)
  from space 3072K, 95% used [0x00000000d6a80000,0x00000000d6d5b3b8,0x00000000d6d80000)
  to   space 3072K, 0% used [0x00000000d6780000,0x00000000d6780000,0x00000000d6a80000)
 ParOldGen       total 68608K, used 53957K [0x0000000080000000, 0x0000000084300000, 0x00000000d5580000)
  object space 68608K, 78% used [0x0000000080000000,0x00000000834b17b8,0x0000000084300000)
 Metaspace       used 52581K, committed 54016K, reserved 1114112K
  class space    used 5745K, committed 6400K, reserved 1048576K
}
Event: 23.800 GC heap before
{Heap before GC invocations=35 (full 2):
 PSYoungGen      total 20992K, used 20844K [0x00000000d5580000, 0x00000000d6d80000, 0x0000000100000000)
  eden space 17920K, 100% used [0x00000000d5580000,0x00000000d6700000,0x00000000d6700000)
  from space 3072K, 95% used [0x00000000d6a80000,0x00000000d6d5b3b8,0x00000000d6d80000)
  to   space 3072K, 0% used [0x00000000d6780000,0x00000000d6780000,0x00000000d6a80000)
 ParOldGen       total 68608K, used 53957K [0x0000000080000000, 0x0000000084300000, 0x00000000d5580000)
  object space 68608K, 78% used [0x0000000080000000,0x00000000834b17b8,0x0000000084300000)
 Metaspace       used 53037K, committed 54464K, reserved 1114112K
  class space    used 5782K, committed 6400K, reserved 1048576K
}
Event: 23.806 GC heap after
{Heap after GC invocations=35 (full 2):
 PSYoungGen      total 20992K, used 3043K [0x00000000d5580000, 0x00000000d7400000, 0x0000000100000000)
  eden space 17920K, 0% used [0x00000000d5580000,0x00000000d5580000,0x00000000d6700000)
  from space 3072K, 99% used [0x00000000d6780000,0x00000000d6a78d40,0x00000000d6a80000)
  to   space 6656K, 0% used [0x00000000d6d80000,0x00000000d6d80000,0x00000000d7400000)
 ParOldGen       total 68608K, used 56692K [0x0000000080000000, 0x0000000084300000, 0x00000000d5580000)
  object space 68608K, 82% used [0x0000000080000000,0x000000008375d1b0,0x0000000084300000)
 Metaspace       used 53037K, committed 54464K, reserved 1114112K
  class space    used 5782K, committed 6400K, reserved 1048576K
}
Event: 24.119 GC heap before
{Heap before GC invocations=36 (full 2):
 PSYoungGen      total 20992K, used 20963K [0x00000000d5580000, 0x00000000d7400000, 0x0000000100000000)
  eden space 17920K, 100% used [0x00000000d5580000,0x00000000d6700000,0x00000000d6700000)
  from space 3072K, 99% used [0x00000000d6780000,0x00000000d6a78d40,0x00000000d6a80000)
  to   space 6656K, 0% used [0x00000000d6d80000,0x00000000d6d80000,0x00000000d7400000)
 ParOldGen       total 68608K, used 56692K [0x0000000080000000, 0x0000000084300000, 0x00000000d5580000)
  object space 68608K, 82% used [0x0000000080000000,0x000000008375d1b0,0x0000000084300000)
 Metaspace       used 53633K, committed 55104K, reserved 1114112K
  class space    used 5853K, committed 6528K, reserved 1048576K
}
Event: 24.125 GC heap after
{Heap after GC invocations=36 (full 2):
 PSYoungGen      total 21504K, used 3313K [0x00000000d5580000, 0x00000000d7100000, 0x0000000100000000)
  eden space 17920K, 0% used [0x00000000d5580000,0x00000000d5580000,0x00000000d6700000)
  from space 3584K, 92% used [0x00000000d6d80000,0x00000000d70bc588,0x00000000d7100000)
  to   space 4608K, 0% used [0x00000000d6800000,0x00000000d6800000,0x00000000d6c80000)
 ParOldGen       total 68608K, used 59551K [0x0000000080000000, 0x0000000084300000, 0x00000000d5580000)
  object space 68608K, 86% used [0x0000000080000000,0x0000000083a27f50,0x0000000084300000)
 Metaspace       used 53633K, committed 55104K, reserved 1114112K
  class space    used 5853K, committed 6528K, reserved 1048576K
}
Event: 24.245 GC heap before
{Heap before GC invocations=37 (full 2):
 PSYoungGen      total 21504K, used 21233K [0x00000000d5580000, 0x00000000d7100000, 0x0000000100000000)
  eden space 17920K, 100% used [0x00000000d5580000,0x00000000d6700000,0x00000000d6700000)
  from space 3584K, 92% used [0x00000000d6d80000,0x00000000d70bc588,0x00000000d7100000)
  to   space 4608K, 0% used [0x00000000d6800000,0x00000000d6800000,0x00000000d6c80000)
 ParOldGen       total 68608K, used 59551K [0x0000000080000000, 0x0000000084300000, 0x00000000d5580000)
  object space 68608K, 86% used [0x0000000080000000,0x0000000083a27f50,0x0000000084300000)
 Metaspace       used 53655K, committed 55104K, reserved 1114112K
  class space    used 5853K, committed 6528K, reserved 1048576K
}
Event: 24.251 GC heap after
{Heap after GC invocations=37 (full 2):
 PSYoungGen      total 20480K, used 2312K [0x00000000d5580000, 0x00000000d6e00000, 0x0000000100000000)
  eden space 17920K, 0% used [0x00000000d5580000,0x00000000d5580000,0x00000000d6700000)
  from space 2560K, 90% used [0x00000000d6800000,0x00000000d6a423a0,0x00000000d6a80000)
  to   space 3072K, 0% used [0x00000000d6b00000,0x00000000d6b00000,0x00000000d6e00000)
 ParOldGen       total 68608K, used 62620K [0x0000000080000000, 0x0000000084300000, 0x00000000d5580000)
  object space 68608K, 91% used [0x0000000080000000,0x0000000083d272f8,0x0000000084300000)
 Metaspace       used 53655K, committed 55104K, reserved 1114112K
  class space    used 5853K, committed 6528K, reserved 1048576K
}
Event: 24.364 GC heap before
{Heap before GC invocations=38 (full 2):
 PSYoungGen      total 20480K, used 20232K [0x00000000d5580000, 0x00000000d6e00000, 0x0000000100000000)
  eden space 17920K, 100% used [0x00000000d5580000,0x00000000d6700000,0x00000000d6700000)
  from space 2560K, 90% used [0x00000000d6800000,0x00000000d6a423a0,0x00000000d6a80000)
  to   space 3072K, 0% used [0x00000000d6b00000,0x00000000d6b00000,0x00000000d6e00000)
 ParOldGen       total 68608K, used 62620K [0x0000000080000000, 0x0000000084300000, 0x00000000d5580000)
  object space 68608K, 91% used [0x0000000080000000,0x0000000083d272f8,0x0000000084300000)
 Metaspace       used 53659K, committed 55168K, reserved 1114112K
  class space    used 5853K, committed 6528K, reserved 1048576K
}
Event: 24.366 GC heap after
{Heap after GC invocations=38 (full 2):
 PSYoungGen      total 18944K, used 937K [0x00000000d5580000, 0x00000000d6c00000, 0x0000000100000000)
  eden space 17920K, 0% used [0x00000000d5580000,0x00000000d5580000,0x00000000d6700000)
  from space 1024K, 91% used [0x00000000d6b00000,0x00000000d6bea580,0x00000000d6c00000)
  to   space 1536K, 0% used [0x00000000d6900000,0x00000000d6900000,0x00000000d6a80000)
 ParOldGen       total 68608K, used 64209K [0x0000000080000000, 0x0000000084300000, 0x00000000d5580000)
  object space 68608K, 93% used [0x0000000080000000,0x0000000083eb45e0,0x0000000084300000)
 Metaspace       used 53659K, committed 55168K, reserved 1114112K
  class space    used 5853K, committed 6528K, reserved 1048576K
}
Event: 24.686 GC heap before
{Heap before GC invocations=39 (full 2):
 PSYoungGen      total 18944K, used 18857K [0x00000000d5580000, 0x00000000d6c00000, 0x0000000100000000)
  eden space 17920K, 100% used [0x00000000d5580000,0x00000000d6700000,0x00000000d6700000)
  from space 1024K, 91% used [0x00000000d6b00000,0x00000000d6bea580,0x00000000d6c00000)
  to   space 1536K, 0% used [0x00000000d6900000,0x00000000d6900000,0x00000000d6a80000)
 ParOldGen       total 68608K, used 64209K [0x0000000080000000, 0x0000000084300000, 0x00000000d5580000)
  object space 68608K, 93% used [0x0000000080000000,0x0000000083eb45e0,0x0000000084300000)
 Metaspace       used 55497K, committed 56960K, reserved 1114112K
  class space    used 5999K, committed 6656K, reserved 1048576K
}
Event: 24.688 GC heap after
{Heap after GC invocations=39 (full 2):
 PSYoungGen      total 19456K, used 1523K [0x00000000d5580000, 0x00000000d6b80000, 0x0000000100000000)
  eden space 17920K, 0% used [0x00000000d5580000,0x00000000d5580000,0x00000000d6700000)
  from space 1536K, 99% used [0x00000000d6900000,0x00000000d6a7cc48,0x00000000d6a80000)
  to   space 1024K, 0% used [0x00000000d6a80000,0x00000000d6a80000,0x00000000d6b80000)
 ParOldGen       total 68608K, used 64416K [0x0000000080000000, 0x0000000084300000, 0x00000000d5580000)
  object space 68608K, 93% used [0x0000000080000000,0x0000000083ee8020,0x0000000084300000)
 Metaspace       used 55497K, committed 56960K, reserved 1114112K
  class space    used 5999K, committed 6656K, reserved 1048576K
}
Event: 25.185 GC heap before
{Heap before GC invocations=40 (full 2):
 PSYoungGen      total 19456K, used 19443K [0x00000000d5580000, 0x00000000d6b80000, 0x0000000100000000)
  eden space 17920K, 100% used [0x00000000d5580000,0x00000000d6700000,0x00000000d6700000)
  from space 1536K, 99% used [0x00000000d6900000,0x00000000d6a7cc48,0x00000000d6a80000)
  to   space 1024K, 0% used [0x00000000d6a80000,0x00000000d6a80000,0x00000000d6b80000)
 ParOldGen       total 68608K, used 64416K [0x0000000080000000, 0x0000000084300000, 0x00000000d5580000)
  object space 68608K, 93% used [0x0000000080000000,0x0000000083ee8020,0x0000000084300000)
 Metaspace       used 56252K, committed 57728K, reserved 1114112K
  class space    used 6074K, committed 6720K, reserved 1048576K
}
Event: 25.191 GC heap after
{Heap after GC invocations=40 (full 2):
 PSYoungGen      total 17408K, used 992K [0x00000000d5580000, 0x00000000d7100000, 0x0000000100000000)
  eden space 16384K, 0% used [0x00000000d5580000,0x00000000d5580000,0x00000000d6580000)
  from space 1024K, 96% used [0x00000000d6a80000,0x00000000d6b782b0,0x00000000d6b80000)
  to   space 5120K, 0% used [0x00000000d6580000,0x00000000d6580000,0x00000000d6a80000)
 ParOldGen       total 68608K, used 67701K [0x0000000080000000, 0x0000000084300000, 0x00000000d5580000)
  object space 68608K, 98% used [0x0000000080000000,0x000000008421d530,0x0000000084300000)
 Metaspace       used 56252K, committed 57728K, reserved 1114112K
  class space    used 6074K, committed 6720K, reserved 1048576K
}
Event: 25.696 GC heap before
{Heap before GC invocations=41 (full 2):
 PSYoungGen      total 17408K, used 17376K [0x00000000d5580000, 0x00000000d7100000, 0x0000000100000000)
  eden space 16384K, 99% used [0x00000000d5580000,0x00000000d657ffe0,0x00000000d6580000)
  from space 1024K, 96% used [0x00000000d6a80000,0x00000000d6b782b0,0x00000000d6b80000)
  to   space 5120K, 0% used [0x00000000d6580000,0x00000000d6580000,0x00000000d6a80000)
 ParOldGen       total 68608K, used 67701K [0x0000000080000000, 0x0000000084300000, 0x00000000d5580000)
  object space 68608K, 98% used [0x0000000080000000,0x000000008421d530,0x0000000084300000)
 Metaspace       used 56482K, committed 57984K, reserved 1114112K
  class space    used 6110K, committed 6784K, reserved 1048576K
}
Event: 25.701 GC heap after
{Heap after GC invocations=41 (full 2):
 PSYoungGen      total 20480K, used 3655K [0x00000000d5580000, 0x00000000d6d80000, 0x0000000100000000)
  eden space 16384K, 0% used [0x00000000d5580000,0x00000000d5580000,0x00000000d6580000)
  from space 4096K, 89% used [0x00000000d6580000,0x00000000d6911e80,0x00000000d6980000)
  to   space 4096K, 0% used [0x00000000d6980000,0x00000000d6980000,0x00000000d6d80000)
 ParOldGen       total 69120K, used 68703K [0x0000000080000000, 0x0000000084380000, 0x00000000d5580000)
  object space 69120K, 99% used [0x0000000080000000,0x0000000084317cd0,0x0000000084380000)
 Metaspace       used 56482K, committed 57984K, reserved 1114112K
  class space    used 6110K, committed 6784K, reserved 1048576K
}
Event: 25.991 GC heap before
{Heap before GC invocations=42 (full 2):
 PSYoungGen      total 20480K, used 20039K [0x00000000d5580000, 0x00000000d6d80000, 0x0000000100000000)
  eden space 16384K, 100% used [0x00000000d5580000,0x00000000d6580000,0x00000000d6580000)
  from space 4096K, 89% used [0x00000000d6580000,0x00000000d6911e80,0x00000000d6980000)
  to   space 4096K, 0% used [0x00000000d6980000,0x00000000d6980000,0x00000000d6d80000)
 ParOldGen       total 69120K, used 68703K [0x0000000080000000, 0x0000000084380000, 0x00000000d5580000)
  object space 69120K, 99% used [0x0000000080000000,0x0000000084317cd0,0x0000000084380000)
 Metaspace       used 56498K, committed 57984K, reserved 1114112K
  class space    used 6111K, committed 6784K, reserved 1048576K
}
Event: 25.996 GC heap after
{Heap after GC invocations=42 (full 2):
 PSYoungGen      total 15872K, used 4069K [0x00000000d5580000, 0x00000000d7680000, 0x0000000100000000)
  eden space 11776K, 0% used [0x00000000d5580000,0x00000000d5580000,0x00000000d6100000)
  from space 4096K, 99% used [0x00000000d6980000,0x00000000d6d79718,0x00000000d6d80000)
  to   space 8704K, 0% used [0x00000000d6100000,0x00000000d6100000,0x00000000d6980000)
 ParOldGen       total 72704K, used 72271K [0x0000000080000000, 0x0000000084700000, 0x00000000d5580000)
  object space 72704K, 99% used [0x0000000080000000,0x0000000084693f18,0x0000000084700000)
 Metaspace       used 56498K, committed 57984K, reserved 1114112K
  class space    used 6111K, committed 6784K, reserved 1048576K
}

