# JRE version: OpenJDK Runtime Environment Temurin-21.0.8+9 (21.0.8+9) (build 21.0.8+9-LTS)
# Java VM: OpenJDK 64-Bit Server VM Temurin-21.0.8+9 (21.0.8+9-LTS, mixed mode, sharing, tiered, compressed oops, compressed class ptrs, parallel gc, windows-amd64)
GC Precious Log:
 CardTable entry size: 512
 CPUs: 8 total, 8 available
 Memory: 8014M
 Large Page Support: Disabled
 NUMA Support: Disabled
 Compressed Oops: Enabled (32-bit)
 Alignments: Space 512K, Generation 512K, Heap 2M
 Heap Min Capacity: 100M
 Heap Initial Capacity: 100M
 Heap Max Capacity: 2G
 Pre-touch: Disabled
 Parallel Workers: 8
Heap:
 PSYoungGen      total 12288K, used 7316K [0x00000000d5580000, 0x00000000d6400000, 0x0000000100000000)
  eden space 10240K, 52% used [0x00000000d5580000,0x00000000d5ab8170,0x00000000d5f80000)
  from space 2048K, 96% used [0x00000000d6200000,0x00000000d63ed270,0x00000000d6400000)
  to   space 2048K, 0% used [0x00000000d5f80000,0x00000000d5f80000,0x00000000d6180000)
 ParOldGen       total 74752K, used 74445K [0x0000000080000000, 0x0000000084900000, 0x00000000d5580000)
  object space 74752K, 99% used [0x0000000080000000,0x00000000848b3740,0x0000000084900000)
 Metaspace       used 57114K, committed 58432K, reserved 1114112K
  class space    used 6270K, committed 6848K, reserved 1048576K
GC Heap History (20 events):
Event: 41.430 GC heap before
{Heap before GC invocations=41 (full 2):
 PSYoungGen      total 12800K, used 12655K [0x00000000d5580000, 0x00000000d6400000, 0x0000000100000000)
  eden space 11264K, 100% used [0x00000000d5580000,0x00000000d6080000,0x00000000d6080000)
  from space 1536K, 90% used [0x00000000d6280000,0x00000000d63dbd58,0x00000000d6400000)
  to   space 1536K, 0% used [0x00000000d6100000,0x00000000d6100000,0x00000000d6280000)
 ParOldGen       total 68608K, used 57849K [0x0000000080000000, 0x0000000084300000, 0x00000000d5580000)
  object space 68608K, 84% used [0x0000000080000000,0x000000008387e7d8,0x0000000084300000)
 Metaspace       used 54877K, committed 56256K, reserved 1114112K
  class space    used 5984K, committed 6592K, reserved 1048576K
}
Event: 41.434 GC heap after
{Heap after GC invocations=41 (full 2):
 PSYoungGen      total 12800K, used 1532K [0x00000000d5580000, 0x00000000d6780000, 0x0000000100000000)
  eden space 11264K, 0% used [0x00000000d5580000,0x00000000d5580000,0x00000000d6080000)
  from space 1536K, 99% used [0x00000000d6100000,0x00000000d627f308,0x00000000d6280000)
  to   space 3584K, 0% used [0x00000000d6400000,0x00000000d6400000,0x00000000d6780000)
 ParOldGen       total 68608K, used 59176K [0x0000000080000000, 0x0000000084300000, 0x00000000d5580000)
  object space 68608K, 86% used [0x0000000080000000,0x00000000839ca208,0x0000000084300000)
 Metaspace       used 54877K, committed 56256K, reserved 1114112K
  class space    used 5984K, committed 6592K, reserved 1048576K
}
Event: 41.531 GC heap before
{Heap before GC invocations=42 (full 2):
 PSYoungGen      total 12800K, used 12796K [0x00000000d5580000, 0x00000000d6780000, 0x0000000100000000)
  eden space 11264K, 100% used [0x00000000d5580000,0x00000000d6080000,0x00000000d6080000)
  from space 1536K, 99% used [0x00000000d6100000,0x00000000d627f308,0x00000000d6280000)
  to   space 3584K, 0% used [0x00000000d6400000,0x00000000d6400000,0x00000000d6780000)
 ParOldGen       total 68608K, used 59176K [0x0000000080000000, 0x0000000084300000, 0x00000000d5580000)
  object space 68608K, 86% used [0x0000000080000000,0x00000000839ca208,0x0000000084300000)
 Metaspace       used 54956K, committed 56320K, reserved 1114112K
  class space    used 5996K, committed 6592K, reserved 1048576K
}
Event: 41.536 GC heap after
{Heap after GC invocations=42 (full 2):
 PSYoungGen      total 13824K, used 2215K [0x00000000d5580000, 0x00000000d6680000, 0x0000000100000000)
  eden space 11264K, 0% used [0x00000000d5580000,0x00000000d5580000,0x00000000d6080000)
  from space 2560K, 86% used [0x00000000d6400000,0x00000000d6629d90,0x00000000d6680000)
  to   space 2560K, 0% used [0x00000000d6180000,0x00000000d6180000,0x00000000d6400000)
 ParOldGen       total 68608K, used 60548K [0x0000000080000000, 0x0000000084300000, 0x00000000d5580000)
  object space 68608K, 88% used [0x0000000080000000,0x0000000083b21018,0x0000000084300000)
 Metaspace       used 54956K, committed 56320K, reserved 1114112K
  class space    used 5996K, committed 6592K, reserved 1048576K
}
Event: 41.765 GC heap before
{Heap before GC invocations=43 (full 2):
 PSYoungGen      total 13824K, used 13479K [0x00000000d5580000, 0x00000000d6680000, 0x0000000100000000)
  eden space 11264K, 100% used [0x00000000d5580000,0x00000000d6080000,0x00000000d6080000)
  from space 2560K, 86% used [0x00000000d6400000,0x00000000d6629d90,0x00000000d6680000)
  to   space 2560K, 0% used [0x00000000d6180000,0x00000000d6180000,0x00000000d6400000)
 ParOldGen       total 68608K, used 60548K [0x0000000080000000, 0x0000000084300000, 0x00000000d5580000)
  object space 68608K, 88% used [0x0000000080000000,0x0000000083b21018,0x0000000084300000)
 Metaspace       used 55869K, committed 57216K, reserved 1114112K
  class space    used 6124K, committed 6720K, reserved 1048576K
}
Event: 41.769 GC heap after
{Heap after GC invocations=43 (full 2):
 PSYoungGen      total 13312K, used 1565K [0x00000000d5580000, 0x00000000d6480000, 0x0000000100000000)
  eden space 11264K, 0% used [0x00000000d5580000,0x00000000d5580000,0x00000000d6080000)
  from space 2048K, 76% used [0x00000000d6180000,0x00000000d63075c0,0x00000000d6380000)
  to   space 1024K, 0% used [0x00000000d6380000,0x00000000d6380000,0x00000000d6480000)
 ParOldGen       total 68608K, used 62271K [0x0000000080000000, 0x0000000084300000, 0x00000000d5580000)
  object space 68608K, 90% used [0x0000000080000000,0x0000000083ccfe30,0x0000000084300000)
 Metaspace       used 55869K, committed 57216K, reserved 1114112K
  class space    used 6124K, committed 6720K, reserved 1048576K
}
Event: 42.311 GC heap before
{Heap before GC invocations=44 (full 2):
 PSYoungGen      total 13312K, used 12829K [0x00000000d5580000, 0x00000000d6480000, 0x0000000100000000)
  eden space 11264K, 100% used [0x00000000d5580000,0x00000000d6080000,0x00000000d6080000)
  from space 2048K, 76% used [0x00000000d6180000,0x00000000d63075c0,0x00000000d6380000)
  to   space 1024K, 0% used [0x00000000d6380000,0x00000000d6380000,0x00000000d6480000)
 ParOldGen       total 68608K, used 62271K [0x0000000080000000, 0x0000000084300000, 0x00000000d5580000)
  object space 68608K, 90% used [0x0000000080000000,0x0000000083ccfe30,0x0000000084300000)
 Metaspace       used 56233K, committed 57536K, reserved 1114112K
  class space    used 6159K, committed 6720K, reserved 1048576K
}
Event: 42.315 GC heap after
{Heap after GC invocations=44 (full 2):
 PSYoungGen      total 11264K, used 1016K [0x00000000d5580000, 0x00000000d6880000, 0x0000000100000000)
  eden space 10240K, 0% used [0x00000000d5580000,0x00000000d5580000,0x00000000d5f80000)
  from space 1024K, 99% used [0x00000000d6380000,0x00000000d647e100,0x00000000d6480000)
  to   space 4096K, 0% used [0x00000000d5f80000,0x00000000d5f80000,0x00000000d6380000)
 ParOldGen       total 68608K, used 64597K [0x0000000080000000, 0x0000000084300000, 0x00000000d5580000)
  object space 68608K, 94% used [0x0000000080000000,0x0000000083f157e0,0x0000000084300000)
 Metaspace       used 56233K, committed 57536K, reserved 1114112K
  class space    used 6159K, committed 6720K, reserved 1048576K
}
Event: 42.698 GC heap before
{Heap before GC invocations=45 (full 2):
 PSYoungGen      total 11264K, used 11256K [0x00000000d5580000, 0x00000000d6880000, 0x0000000100000000)
  eden space 10240K, 100% used [0x00000000d5580000,0x00000000d5f80000,0x00000000d5f80000)
  from space 1024K, 99% used [0x00000000d6380000,0x00000000d647e100,0x00000000d6480000)
  to   space 4096K, 0% used [0x00000000d5f80000,0x00000000d5f80000,0x00000000d6380000)
 ParOldGen       total 68608K, used 64597K [0x0000000080000000, 0x0000000084300000, 0x00000000d5580000)
  object space 68608K, 94% used [0x0000000080000000,0x0000000083f157e0,0x0000000084300000)
 Metaspace       used 56551K, committed 57856K, reserved 1114112K
  class space    used 6199K, committed 6784K, reserved 1048576K
}
Event: 42.701 GC heap after
{Heap after GC invocations=45 (full 2):
 PSYoungGen      total 12288K, used 1941K [0x00000000d5580000, 0x00000000d6480000, 0x0000000100000000)
  eden space 10240K, 0% used [0x00000000d5580000,0x00000000d5580000,0x00000000d5f80000)
  from space 2048K, 94% used [0x00000000d5f80000,0x00000000d6165620,0x00000000d6180000)
  to   space 2560K, 0% used [0x00000000d6200000,0x00000000d6200000,0x00000000d6480000)
 ParOldGen       total 68608K, used 65588K [0x0000000080000000, 0x0000000084300000, 0x00000000d5580000)
  object space 68608K, 95% used [0x0000000080000000,0x000000008400d2c8,0x0000000084300000)
 Metaspace       used 56551K, committed 57856K, reserved 1114112K
  class space    used 6199K, committed 6784K, reserved 1048576K
}
Event: 42.881 GC heap before
{Heap before GC invocations=46 (full 2):
 PSYoungGen      total 12288K, used 12181K [0x00000000d5580000, 0x00000000d6480000, 0x0000000100000000)
  eden space 10240K, 100% used [0x00000000d5580000,0x00000000d5f80000,0x00000000d5f80000)
  from space 2048K, 94% used [0x00000000d5f80000,0x00000000d6165620,0x00000000d6180000)
  to   space 2560K, 0% used [0x00000000d6200000,0x00000000d6200000,0x00000000d6480000)
 ParOldGen       total 68608K, used 65588K [0x0000000080000000, 0x0000000084300000, 0x00000000d5580000)
  object space 68608K, 95% used [0x0000000080000000,0x000000008400d2c8,0x0000000084300000)
 Metaspace       used 56598K, committed 57920K, reserved 1114112K
  class space    used 6217K, committed 6784K, reserved 1048576K
}
Event: 42.886 GC heap after
{Heap after GC invocations=46 (full 2):
 PSYoungGen      total 12288K, used 1756K [0x00000000d5580000, 0x00000000d6400000, 0x0000000100000000)
  eden space 10240K, 0% used [0x00000000d5580000,0x00000000d5580000,0x00000000d5f80000)
  from space 2048K, 85% used [0x00000000d6200000,0x00000000d63b7268,0x00000000d6400000)
  to   space 2048K, 0% used [0x00000000d5f80000,0x00000000d5f80000,0x00000000d6180000)
 ParOldGen       total 68608K, used 67361K [0x0000000080000000, 0x0000000084300000, 0x00000000d5580000)
  object space 68608K, 98% used [0x0000000080000000,0x00000000841c85f8,0x0000000084300000)
 Metaspace       used 56598K, committed 57920K, reserved 1114112K
  class space    used 6217K, committed 6784K, reserved 1048576K
}
Event: 43.071 GC heap before
{Heap before GC invocations=47 (full 2):
 PSYoungGen      total 12288K, used 11996K [0x00000000d5580000, 0x00000000d6400000, 0x0000000100000000)
  eden space 10240K, 100% used [0x00000000d5580000,0x00000000d5f80000,0x00000000d5f80000)
  from space 2048K, 85% used [0x00000000d6200000,0x00000000d63b7268,0x00000000d6400000)
  to   space 2048K, 0% used [0x00000000d5f80000,0x00000000d5f80000,0x00000000d6180000)
 ParOldGen       total 68608K, used 67361K [0x0000000080000000, 0x0000000084300000, 0x00000000d5580000)
  object space 68608K, 98% used [0x0000000080000000,0x00000000841c85f8,0x0000000084300000)
 Metaspace       used 56624K, committed 57920K, reserved 1114112K
  class space    used 6228K, committed 6784K, reserved 1048576K
}
Event: 43.074 GC heap after
{Heap after GC invocations=47 (full 2):
 PSYoungGen      total 12288K, used 2030K [0x00000000d5580000, 0x00000000d6780000, 0x0000000100000000)
  eden space 10240K, 0% used [0x00000000d5580000,0x00000000d5580000,0x00000000d5f80000)
  from space 2048K, 99% used [0x00000000d5f80000,0x00000000d617bae0,0x00000000d6180000)
  to   space 4096K, 0% used [0x00000000d6380000,0x00000000d6380000,0x00000000d6780000)
 ParOldGen       total 69120K, used 69077K [0x0000000080000000, 0x0000000084380000, 0x00000000d5580000)
  object space 69120K, 99% used [0x0000000080000000,0x0000000084375598,0x0000000084380000)
 Metaspace       used 56624K, committed 57920K, reserved 1114112K
  class space    used 6228K, committed 6784K, reserved 1048576K
}
Event: 43.277 GC heap before
{Heap before GC invocations=48 (full 2):
 PSYoungGen      total 12288K, used 12270K [0x00000000d5580000, 0x00000000d6780000, 0x0000000100000000)
  eden space 10240K, 100% used [0x00000000d5580000,0x00000000d5f80000,0x00000000d5f80000)
  from space 2048K, 99% used [0x00000000d5f80000,0x00000000d617bae0,0x00000000d6180000)
  to   space 4096K, 0% used [0x00000000d6380000,0x00000000d6380000,0x00000000d6780000)
 ParOldGen       total 69120K, used 69077K [0x0000000080000000, 0x0000000084380000, 0x00000000d5580000)
  object space 69120K, 99% used [0x0000000080000000,0x0000000084375598,0x0000000084380000)
 Metaspace       used 56708K, committed 57984K, reserved 1114112K
  class space    used 6242K, committed 6784K, reserved 1048576K
}
Event: 43.280 GC heap after
{Heap after GC invocations=48 (full 2):
 PSYoungGen      total 12288K, used 2011K [0x00000000d5580000, 0x00000000d6580000, 0x0000000100000000)
  eden space 10240K, 0% used [0x00000000d5580000,0x00000000d5580000,0x00000000d5f80000)
  from space 2048K, 98% used [0x00000000d6380000,0x00000000d6576cc8,0x00000000d6580000)
  to   space 3072K, 0% used [0x00000000d5f80000,0x00000000d5f80000,0x00000000d6280000)
 ParOldGen       total 71168K, used 70886K [0x0000000080000000, 0x0000000084580000, 0x00000000d5580000)
  object space 71168K, 99% used [0x0000000080000000,0x0000000084539a38,0x0000000084580000)
 Metaspace       used 56708K, committed 57984K, reserved 1114112K
  class space    used 6242K, committed 6784K, reserved 1048576K
}
Event: 43.605 GC heap before
{Heap before GC invocations=49 (full 2):
 PSYoungGen      total 12288K, used 12233K [0x00000000d5580000, 0x00000000d6580000, 0x0000000100000000)
  eden space 10240K, 99% used [0x00000000d5580000,0x00000000d5f7b7a0,0x00000000d5f80000)
  from space 2048K, 98% used [0x00000000d6380000,0x00000000d6576cc8,0x00000000d6580000)
  to   space 3072K, 0% used [0x00000000d5f80000,0x00000000d5f80000,0x00000000d6280000)
 ParOldGen       total 71168K, used 70886K [0x0000000080000000, 0x0000000084580000, 0x00000000d5580000)
  object space 71168K, 99% used [0x0000000080000000,0x0000000084539a38,0x0000000084580000)
 Metaspace       used 56892K, committed 58176K, reserved 1114112K
  class space    used 6256K, committed 6848K, reserved 1048576K
}
Event: 43.608 GC heap after
{Heap after GC invocations=49 (full 2):
 PSYoungGen      total 12288K, used 1977K [0x00000000d5580000, 0x00000000d6480000, 0x0000000100000000)
  eden space 10240K, 0% used [0x00000000d5580000,0x00000000d5580000,0x00000000d5f80000)
  from space 2048K, 96% used [0x00000000d5f80000,0x00000000d616e478,0x00000000d6180000)
  to   space 2560K, 0% used [0x00000000d6200000,0x00000000d6200000,0x00000000d6480000)
 ParOldGen       total 72704K, used 72664K [0x0000000080000000, 0x0000000084700000, 0x00000000d5580000)
  object space 72704K, 99% used [0x0000000080000000,0x00000000846f6018,0x0000000084700000)
 Metaspace       used 56892K, committed 58176K, reserved 1114112K
  class space    used 6256K, committed 6848K, reserved 1048576K
}
Event: 43.919 GC heap before
{Heap before GC invocations=50 (full 2):
 PSYoungGen      total 12288K, used 12217K [0x00000000d5580000, 0x00000000d6480000, 0x0000000100000000)
  eden space 10240K, 100% used [0x00000000d5580000,0x00000000d5f80000,0x00000000d5f80000)
  from space 2048K, 96% used [0x00000000d5f80000,0x00000000d616e478,0x00000000d6180000)
  to   space 2560K, 0% used [0x00000000d6200000,0x00000000d6200000,0x00000000d6480000)
 ParOldGen       total 72704K, used 72664K [0x0000000080000000, 0x0000000084700000, 0x00000000d5580000)
  object space 72704K, 99% used [0x0000000080000000,0x00000000846f6018,0x0000000084700000)
 Metaspace       used 57046K, committed 58368K, reserved 1114112K
  class space    used 6269K, committed 6848K, reserved 1048576K
}
Event: 43.923 GC heap after
{Heap after GC invocations=50 (full 2):
 PSYoungGen      total 12288K, used 1972K [0x00000000d5580000, 0x00000000d6400000, 0x0000000100000000)
  eden space 10240K, 0% used [0x00000000d5580000,0x00000000d5580000,0x00000000d5f80000)
  from space 2048K, 96% used [0x00000000d6200000,0x00000000d63ed270,0x00000000d6400000)
  to   space 2048K, 0% used [0x00000000d5f80000,0x00000000d5f80000,0x00000000d6180000)
 ParOldGen       total 74752K, used 74445K [0x0000000080000000, 0x0000000084900000, 0x00000000d5580000)
  object space 74752K, 99% used [0x0000000080000000,0x00000000848b3740,0x0000000084900000)
 Metaspace       used 57046K, committed 58368K, reserved 1114112K
  class space    used 6269K, committed 6848K, reserved 1048576K
}

