# JRE version: OpenJDK Runtime Environment Temurin-21.0.8+9 (21.0.8+9) (build 21.0.8+9-LTS)
# Java VM: OpenJDK 64-Bit Server VM Temurin-21.0.8+9 (21.0.8+9-LTS, mixed mode, sharing, tiered, compressed oops, compressed class ptrs, parallel gc, windows-amd64)
GC Precious Log:
 CardTable entry size: 512
 CPUs: 8 total, 8 available
 Memory: 8014M
 Large Page Support: Disabled
 NUMA Support: Disabled
 Compressed Oops: Enabled (32-bit)
 Alignments: Space 512K, Generation 512K, Heap 2M
 Heap Min Capacity: 100M
 Heap Initial Capacity: 100M
 Heap Max Capacity: 2G
 Pre-touch: Disabled
 Parallel Workers: 8
Heap:
 PSYoungGen      total 5120K, used 3262K [0x00000000d5580000, 0x00000000d5c00000, 0x0000000100000000)
  eden space 4608K, 65% used [0x00000000d5580000,0x00000000d5877ad0,0x00000000d5a00000)
  from space 512K, 43% used [0x00000000d5b00000,0x00000000d5b38000,0x00000000d5b80000)
  to   space 512K, 0% used [0x00000000d5b80000,0x00000000d5b80000,0x00000000d5c00000)
 ParOldGen       total 445440K, used 214722K [0x0000000080000000, 0x000000009b300000, 0x00000000d5580000)
  object space 445440K, 48% used [0x0000000080000000,0x000000008d1b08b0,0x000000009b300000)
 Metaspace       used 60056K, committed 61504K, reserved 1114112K
  class space    used 6352K, committed 7040K, reserved 1048576K
GC Heap History (20 events):
Event: 51.104 GC heap before
{Heap before GC invocations=483 (full 3):
 PSYoungGen      total 5120K, used 4976K [0x00000000d5580000, 0x00000000d5c00000, 0x0000000100000000)
  eden space 4608K, 100% used [0x00000000d5580000,0x00000000d5a00000,0x00000000d5a00000)
  from space 512K, 72% used [0x00000000d5b00000,0x00000000d5b5c3f8,0x00000000d5b80000)
  to   space 512K, 0% used [0x00000000d5b80000,0x00000000d5b80000,0x00000000d5c00000)
 ParOldGen       total 445440K, used 213144K [0x0000000080000000, 0x000000009b300000, 0x00000000d5580000)
  object space 445440K, 47% used [0x0000000080000000,0x000000008d026198,0x000000009b300000)
 Metaspace       used 60042K, committed 61504K, reserved 1114112K
  class space    used 6352K, committed 7040K, reserved 1048576K
}
Event: 51.106 GC heap after
{Heap after GC invocations=483 (full 3):
 PSYoungGen      total 5120K, used 352K [0x00000000d5580000, 0x00000000d5c00000, 0x0000000100000000)
  eden space 4608K, 0% used [0x00000000d5580000,0x00000000d5580000,0x00000000d5a00000)
  from space 512K, 68% used [0x00000000d5b80000,0x00000000d5bd8230,0x00000000d5c00000)
  to   space 512K, 0% used [0x00000000d5b00000,0x00000000d5b00000,0x00000000d5b80000)
 ParOldGen       total 445440K, used 213370K [0x0000000080000000, 0x000000009b300000, 0x00000000d5580000)
  object space 445440K, 47% used [0x0000000080000000,0x000000008d05e940,0x000000009b300000)
 Metaspace       used 60042K, committed 61504K, reserved 1114112K
  class space    used 6352K, committed 7040K, reserved 1048576K
}
Event: 51.370 GC heap before
{Heap before GC invocations=484 (full 3):
 PSYoungGen      total 5120K, used 4960K [0x00000000d5580000, 0x00000000d5c00000, 0x0000000100000000)
  eden space 4608K, 100% used [0x00000000d5580000,0x00000000d5a00000,0x00000000d5a00000)
  from space 512K, 68% used [0x00000000d5b80000,0x00000000d5bd8230,0x00000000d5c00000)
  to   space 512K, 0% used [0x00000000d5b00000,0x00000000d5b00000,0x00000000d5b80000)
 ParOldGen       total 445440K, used 213370K [0x0000000080000000, 0x000000009b300000, 0x00000000d5580000)
  object space 445440K, 47% used [0x0000000080000000,0x000000008d05e940,0x000000009b300000)
 Metaspace       used 60043K, committed 61504K, reserved 1114112K
  class space    used 6352K, committed 7040K, reserved 1048576K
}
Event: 51.372 GC heap after
{Heap after GC invocations=484 (full 3):
 PSYoungGen      total 5120K, used 372K [0x00000000d5580000, 0x00000000d5c00000, 0x0000000100000000)
  eden space 4608K, 0% used [0x00000000d5580000,0x00000000d5580000,0x00000000d5a00000)
  from space 512K, 72% used [0x00000000d5b00000,0x00000000d5b5d2c0,0x00000000d5b80000)
  to   space 512K, 0% used [0x00000000d5b80000,0x00000000d5b80000,0x00000000d5c00000)
 ParOldGen       total 445440K, used 213582K [0x0000000080000000, 0x000000009b300000, 0x00000000d5580000)
  object space 445440K, 47% used [0x0000000080000000,0x000000008d093ad0,0x000000009b300000)
 Metaspace       used 60043K, committed 61504K, reserved 1114112K
  class space    used 6352K, committed 7040K, reserved 1048576K
}
Event: 51.388 GC heap before
{Heap before GC invocations=485 (full 3):
 PSYoungGen      total 5120K, used 4980K [0x00000000d5580000, 0x00000000d5c00000, 0x0000000100000000)
  eden space 4608K, 100% used [0x00000000d5580000,0x00000000d5a00000,0x00000000d5a00000)
  from space 512K, 72% used [0x00000000d5b00000,0x00000000d5b5d2c0,0x00000000d5b80000)
  to   space 512K, 0% used [0x00000000d5b80000,0x00000000d5b80000,0x00000000d5c00000)
 ParOldGen       total 445440K, used 213582K [0x0000000080000000, 0x000000009b300000, 0x00000000d5580000)
  object space 445440K, 47% used [0x0000000080000000,0x000000008d093ad0,0x000000009b300000)
 Metaspace       used 60043K, committed 61504K, reserved 1114112K
  class space    used 6352K, committed 7040K, reserved 1048576K
}
Event: 51.390 GC heap after
{Heap after GC invocations=485 (full 3):
 PSYoungGen      total 5120K, used 256K [0x00000000d5580000, 0x00000000d5c00000, 0x0000000100000000)
  eden space 4608K, 0% used [0x00000000d5580000,0x00000000d5580000,0x00000000d5a00000)
  from space 512K, 50% used [0x00000000d5b80000,0x00000000d5bc0000,0x00000000d5c00000)
  to   space 512K, 0% used [0x00000000d5b00000,0x00000000d5b00000,0x00000000d5b80000)
 ParOldGen       total 445440K, used 213784K [0x0000000080000000, 0x000000009b300000, 0x00000000d5580000)
  object space 445440K, 47% used [0x0000000080000000,0x000000008d0c6358,0x000000009b300000)
 Metaspace       used 60043K, committed 61504K, reserved 1114112K
  class space    used 6352K, committed 7040K, reserved 1048576K
}
Event: 52.032 GC heap before
{Heap before GC invocations=486 (full 3):
 PSYoungGen      total 5120K, used 4863K [0x00000000d5580000, 0x00000000d5c00000, 0x0000000100000000)
  eden space 4608K, 99% used [0x00000000d5580000,0x00000000d59ffea8,0x00000000d5a00000)
  from space 512K, 50% used [0x00000000d5b80000,0x00000000d5bc0000,0x00000000d5c00000)
  to   space 512K, 0% used [0x00000000d5b00000,0x00000000d5b00000,0x00000000d5b80000)
 ParOldGen       total 445440K, used 213784K [0x0000000080000000, 0x000000009b300000, 0x00000000d5580000)
  object space 445440K, 47% used [0x0000000080000000,0x000000008d0c6358,0x000000009b300000)
 Metaspace       used 60043K, committed 61504K, reserved 1114112K
  class space    used 6352K, committed 7040K, reserved 1048576K
}
Event: 52.034 GC heap after
{Heap after GC invocations=486 (full 3):
 PSYoungGen      total 5120K, used 363K [0x00000000d5580000, 0x00000000d5c00000, 0x0000000100000000)
  eden space 4608K, 0% used [0x00000000d5580000,0x00000000d5580000,0x00000000d5a00000)
  from space 512K, 71% used [0x00000000d5b00000,0x00000000d5b5afb0,0x00000000d5b80000)
  to   space 512K, 0% used [0x00000000d5b80000,0x00000000d5b80000,0x00000000d5c00000)
 ParOldGen       total 445440K, used 213920K [0x0000000080000000, 0x000000009b300000, 0x00000000d5580000)
  object space 445440K, 48% used [0x0000000080000000,0x000000008d0e8358,0x000000009b300000)
 Metaspace       used 60043K, committed 61504K, reserved 1114112K
  class space    used 6352K, committed 7040K, reserved 1048576K
}
Event: 52.047 GC heap before
{Heap before GC invocations=487 (full 3):
 PSYoungGen      total 5120K, used 4971K [0x00000000d5580000, 0x00000000d5c00000, 0x0000000100000000)
  eden space 4608K, 100% used [0x00000000d5580000,0x00000000d5a00000,0x00000000d5a00000)
  from space 512K, 71% used [0x00000000d5b00000,0x00000000d5b5afb0,0x00000000d5b80000)
  to   space 512K, 0% used [0x00000000d5b80000,0x00000000d5b80000,0x00000000d5c00000)
 ParOldGen       total 445440K, used 213920K [0x0000000080000000, 0x000000009b300000, 0x00000000d5580000)
  object space 445440K, 48% used [0x0000000080000000,0x000000008d0e8358,0x000000009b300000)
 Metaspace       used 60046K, committed 61504K, reserved 1114112K
  class space    used 6352K, committed 7040K, reserved 1048576K
}
Event: 52.050 GC heap after
{Heap after GC invocations=487 (full 3):
 PSYoungGen      total 5120K, used 256K [0x00000000d5580000, 0x00000000d5c00000, 0x0000000100000000)
  eden space 4608K, 0% used [0x00000000d5580000,0x00000000d5580000,0x00000000d5a00000)
  from space 512K, 50% used [0x00000000d5b80000,0x00000000d5bc0000,0x00000000d5c00000)
  to   space 512K, 0% used [0x00000000d5b00000,0x00000000d5b00000,0x00000000d5b80000)
 ParOldGen       total 445440K, used 214148K [0x0000000080000000, 0x000000009b300000, 0x00000000d5580000)
  object space 445440K, 48% used [0x0000000080000000,0x000000008d121360,0x000000009b300000)
 Metaspace       used 60046K, committed 61504K, reserved 1114112K
  class space    used 6352K, committed 7040K, reserved 1048576K
}
Event: 52.061 GC heap before
{Heap before GC invocations=488 (full 3):
 PSYoungGen      total 5120K, used 4864K [0x00000000d5580000, 0x00000000d5c00000, 0x0000000100000000)
  eden space 4608K, 100% used [0x00000000d5580000,0x00000000d5a00000,0x00000000d5a00000)
  from space 512K, 50% used [0x00000000d5b80000,0x00000000d5bc0000,0x00000000d5c00000)
  to   space 512K, 0% used [0x00000000d5b00000,0x00000000d5b00000,0x00000000d5b80000)
 ParOldGen       total 445440K, used 214148K [0x0000000080000000, 0x000000009b300000, 0x00000000d5580000)
  object space 445440K, 48% used [0x0000000080000000,0x000000008d121360,0x000000009b300000)
 Metaspace       used 60046K, committed 61504K, reserved 1114112K
  class space    used 6352K, committed 7040K, reserved 1048576K
}
Event: 52.063 GC heap after
{Heap after GC invocations=488 (full 3):
 PSYoungGen      total 5120K, used 128K [0x00000000d5580000, 0x00000000d5c00000, 0x0000000100000000)
  eden space 4608K, 0% used [0x00000000d5580000,0x00000000d5580000,0x00000000d5a00000)
  from space 512K, 25% used [0x00000000d5b00000,0x00000000d5b20000,0x00000000d5b80000)
  to   space 512K, 0% used [0x00000000d5b80000,0x00000000d5b80000,0x00000000d5c00000)
 ParOldGen       total 445440K, used 214284K [0x0000000080000000, 0x000000009b300000, 0x00000000d5580000)
  object space 445440K, 48% used [0x0000000080000000,0x000000008d143360,0x000000009b300000)
 Metaspace       used 60046K, committed 61504K, reserved 1114112K
  class space    used 6352K, committed 7040K, reserved 1048576K
}
Event: 52.105 GC heap before
{Heap before GC invocations=489 (full 3):
 PSYoungGen      total 5120K, used 4736K [0x00000000d5580000, 0x00000000d5c00000, 0x0000000100000000)
  eden space 4608K, 100% used [0x00000000d5580000,0x00000000d5a00000,0x00000000d5a00000)
  from space 512K, 25% used [0x00000000d5b00000,0x00000000d5b20000,0x00000000d5b80000)
  to   space 512K, 0% used [0x00000000d5b80000,0x00000000d5b80000,0x00000000d5c00000)
 ParOldGen       total 445440K, used 214284K [0x0000000080000000, 0x000000009b300000, 0x00000000d5580000)
  object space 445440K, 48% used [0x0000000080000000,0x000000008d143360,0x000000009b300000)
 Metaspace       used 60047K, committed 61504K, reserved 1114112K
  class space    used 6352K, committed 7040K, reserved 1048576K
}
Event: 52.108 GC heap after
{Heap after GC invocations=489 (full 3):
 PSYoungGen      total 5120K, used 320K [0x00000000d5580000, 0x00000000d5c00000, 0x0000000100000000)
  eden space 4608K, 0% used [0x00000000d5580000,0x00000000d5580000,0x00000000d5a00000)
  from space 512K, 62% used [0x00000000d5b80000,0x00000000d5bd0000,0x00000000d5c00000)
  to   space 512K, 0% used [0x00000000d5b00000,0x00000000d5b00000,0x00000000d5b80000)
 ParOldGen       total 445440K, used 214356K [0x0000000080000000, 0x000000009b300000, 0x00000000d5580000)
  object space 445440K, 48% used [0x0000000080000000,0x000000008d155060,0x000000009b300000)
 Metaspace       used 60047K, committed 61504K, reserved 1114112K
  class space    used 6352K, committed 7040K, reserved 1048576K
}
Event: 52.144 GC heap before
{Heap before GC invocations=490 (full 3):
 PSYoungGen      total 5120K, used 4928K [0x00000000d5580000, 0x00000000d5c00000, 0x0000000100000000)
  eden space 4608K, 100% used [0x00000000d5580000,0x00000000d5a00000,0x00000000d5a00000)
  from space 512K, 62% used [0x00000000d5b80000,0x00000000d5bd0000,0x00000000d5c00000)
  to   space 512K, 0% used [0x00000000d5b00000,0x00000000d5b00000,0x00000000d5b80000)
 ParOldGen       total 445440K, used 214356K [0x0000000080000000, 0x000000009b300000, 0x00000000d5580000)
  object space 445440K, 48% used [0x0000000080000000,0x000000008d155060,0x000000009b300000)
 Metaspace       used 60048K, committed 61504K, reserved 1114112K
  class space    used 6352K, committed 7040K, reserved 1048576K
}
Event: 52.146 GC heap after
{Heap after GC invocations=490 (full 3):
 PSYoungGen      total 5120K, used 320K [0x00000000d5580000, 0x00000000d5c00000, 0x0000000100000000)
  eden space 4608K, 0% used [0x00000000d5580000,0x00000000d5580000,0x00000000d5a00000)
  from space 512K, 62% used [0x00000000d5b00000,0x00000000d5b50000,0x00000000d5b80000)
  to   space 512K, 0% used [0x00000000d5b80000,0x00000000d5b80000,0x00000000d5c00000)
 ParOldGen       total 445440K, used 214554K [0x0000000080000000, 0x000000009b300000, 0x00000000d5580000)
  object space 445440K, 48% used [0x0000000080000000,0x000000008d1868b0,0x000000009b300000)
 Metaspace       used 60048K, committed 61504K, reserved 1114112K
  class space    used 6352K, committed 7040K, reserved 1048576K
}
Event: 52.167 GC heap before
{Heap before GC invocations=491 (full 3):
 PSYoungGen      total 5120K, used 4928K [0x00000000d5580000, 0x00000000d5c00000, 0x0000000100000000)
  eden space 4608K, 100% used [0x00000000d5580000,0x00000000d5a00000,0x00000000d5a00000)
  from space 512K, 62% used [0x00000000d5b00000,0x00000000d5b50000,0x00000000d5b80000)
  to   space 512K, 0% used [0x00000000d5b80000,0x00000000d5b80000,0x00000000d5c00000)
 ParOldGen       total 445440K, used 214554K [0x0000000080000000, 0x000000009b300000, 0x00000000d5580000)
  object space 445440K, 48% used [0x0000000080000000,0x000000008d1868b0,0x000000009b300000)
 Metaspace       used 60054K, committed 61504K, reserved 1114112K
  class space    used 6352K, committed 7040K, reserved 1048576K
}
Event: 52.168 GC heap after
{Heap after GC invocations=491 (full 3):
 PSYoungGen      total 5120K, used 256K [0x00000000d5580000, 0x00000000d5c00000, 0x0000000100000000)
  eden space 4608K, 0% used [0x00000000d5580000,0x00000000d5580000,0x00000000d5a00000)
  from space 512K, 50% used [0x00000000d5b80000,0x00000000d5bc0000,0x00000000d5c00000)
  to   space 512K, 0% used [0x00000000d5b00000,0x00000000d5b00000,0x00000000d5b80000)
 ParOldGen       total 445440K, used 214650K [0x0000000080000000, 0x000000009b300000, 0x00000000d5580000)
  object space 445440K, 48% used [0x0000000080000000,0x000000008d19e8b0,0x000000009b300000)
 Metaspace       used 60054K, committed 61504K, reserved 1114112K
  class space    used 6352K, committed 7040K, reserved 1048576K
}
Event: 52.198 GC heap before
{Heap before GC invocations=492 (full 3):
 PSYoungGen      total 5120K, used 4863K [0x00000000d5580000, 0x00000000d5c00000, 0x0000000100000000)
  eden space 4608K, 99% used [0x00000000d5580000,0x00000000d59fffe8,0x00000000d5a00000)
  from space 512K, 50% used [0x00000000d5b80000,0x00000000d5bc0000,0x00000000d5c00000)
  to   space 512K, 0% used [0x00000000d5b00000,0x00000000d5b00000,0x00000000d5b80000)
 ParOldGen       total 445440K, used 214650K [0x0000000080000000, 0x000000009b300000, 0x00000000d5580000)
  object space 445440K, 48% used [0x0000000080000000,0x000000008d19e8b0,0x000000009b300000)
 Metaspace       used 60054K, committed 61504K, reserved 1114112K
  class space    used 6352K, committed 7040K, reserved 1048576K
}
Event: 52.199 GC heap after
{Heap after GC invocations=492 (full 3):
 PSYoungGen      total 5120K, used 224K [0x00000000d5580000, 0x00000000d5c00000, 0x0000000100000000)
  eden space 4608K, 0% used [0x00000000d5580000,0x00000000d5580000,0x00000000d5a00000)
  from space 512K, 43% used [0x00000000d5b00000,0x00000000d5b38000,0x00000000d5b80000)
  to   space 512K, 0% used [0x00000000d5b80000,0x00000000d5b80000,0x00000000d5c00000)
 ParOldGen       total 445440K, used 214722K [0x0000000080000000, 0x000000009b300000, 0x00000000d5580000)
  object space 445440K, 48% used [0x0000000080000000,0x000000008d1b08b0,0x000000009b300000)
 Metaspace       used 60054K, committed 61504K, reserved 1114112K
  class space    used 6352K, committed 7040K, reserved 1048576K
}

